 INFO [main] (TestBase.java:78)- Launched the chrome Browser
 INFO [main] (TestBase.java:78)- Launched the chrome Browser
 INFO [main] (TestBase.java:78)- Launched the chrome Browser
 INFO [main] (TestBase.java:78)- Launched the chrome Browser
 INFO [main] (TestBase.java:78)- Launched the chrome Browser
 INFO [main] (TestBase.java:78)- Launched the chrome Browser
 INFO [main] (TestBase.java:78)- Launched the chrome Browser
 INFO [main] (TestBase.java:78)- Launched the chrome Browser
 INFO [main] (TestBase.java:78)- Launched the chrome Browser
 INFO [main] (TestBase.java:78)- Launched the chrome Browser
 INFO [main] (TestBase.java:78)- Launched the chrome Browser
 INFO [main] (TestBase.java:78)- Launched the chrome Browser
 INFO [main] (TestBase.java:78)- Launched the chrome Browser
 INFO [main] (TestBase.java:78)- Launched the chrome Browser
 INFO [main] (TestBase.java:78)- Launched the chrome Browser
 INFO [main] (TestBase.java:78)- Launched the chrome Browser
 INFO [main] (TestBase.java:78)- Launched the chrome Browser
 INFO [main] (TestBase.java:78)- Launched the chrome Browser
 INFO [main] (TestBase.java:78)- Launched the chrome Browser
 INFO [main] (TestBase.java:78)- Launched the chrome Browser
 INFO [main] (TestBase.java:78)- Launched the chrome Browser
 INFO [main] (TestBase.java:78)- Launched the chrome Browser
 INFO [main] (TestBase.java:78)- Launched the chrome Browser
 INFO [main] (TestBase.java:78)- Launched the chrome Browser
 INFO [main] (TestBase.java:78)- Launched the chrome Browser
 INFO [main] (TestBase.java:78)- Launched the chrome Browser
 INFO [main] (TestBase.java:78)- Launched the chrome Browser
 INFO [main] (TestBase.java:78)- Launched the chrome Browser
 INFO [main] (TestBase.java:78)- Launched the chrome Browser
 INFO [main] (TestBase.java:78)- Launched the chrome Browser
 INFO [main] (TestBase.java:78)- Launched the chrome Browser
 INFO [main] (TestBase.java:78)- Launched the chrome Browser
 INFO [main] (TestBase.java:78)- Launched the chrome Browser
 INFO [main] (TestBase.java:78)- Launched the chrome Browser
 INFO [main] (TestBase.java:78)- Launched the chrome Browser
 INFO [main] (TestBase.java:78)- Launched the chrome Browser
 INFO [main] (TestBase.java:78)- Launched the chrome Browser
 INFO [main] (TestBase.java:78)- Launched the chrome Browser
 INFO [main] (TestBase.java:78)- Launched the chrome Browser
 INFO [main] (TestBase.java:78)- Launched the chrome Browser
 INFO [main] (TestBase.java:78)- Launched the chrome Browser
 INFO [main] (TestBase.java:78)- Launched the chrome Browser
 INFO [main] (TestBase.java:78)- Launched the chrome Browser
 INFO [main] (TestBase.java:78)- Launched the chrome Browser
 INFO [main] (TestBase.java:78)- Launched the chrome Browser
 INFO [main] (TestBase.java:78)- Launched the chrome Browser
 INFO [main] (TestBase.java:78)- Launched the chrome Browser
 INFO [main] (TestBase.java:78)- Launched the chrome Browser
 INFO [main] (TestBase.java:78)- Launched the chrome Browser
 INFO [main] (TestBase.java:78)- Launched the chrome Browser
 INFO [main] (TestBase.java:78)- Launched the chrome Browser
 INFO [main] (TestBase.java:78)- Launched the chrome Browser
 INFO [main] (TestBase.java:78)- Launched the chrome Browser
 INFO [main] (TestBase.java:78)- Launched the chrome Browser
 INFO [main] (TestBase.java:78)- Launched the chrome Browser
 INFO [main] (TestBase.java:78)- Launched the chrome Browser
 INFO [main] (TestBase.java:78)- Launched the chrome Browser
 INFO [main] (TestBase.java:78)- Launched the chrome Browser
 INFO [main] (TestBase.java:78)- Launched the chrome Browser
 INFO [main] (TestBase.java:78)- Launched the chrome Browser
 INFO [main] (TestBase.java:78)- Launched the chrome Browser
 INFO [main] (TestBase.java:78)- Launched the chrome Browser
 INFO [main] (TestBase.java:78)- Launched the chrome Browser
 INFO [main] (TestBase.java:78)- Launched the chrome Browser
 INFO [main] (TestBase.java:78)- Launched the chrome Browser
 INFO [main] (TestBase.java:78)- Launched the chrome Browser
 INFO [main] (TestBase.java:78)- Launched the chrome Browser
 INFO [main] (TestBase.java:78)- Launched the chrome Browser
 INFO [main] (TestBase.java:78)- Launched the chrome Browser
 INFO [main] (TestBase.java:78)- Launched the chrome Browser
 INFO [main] (TestBase.java:78)- Launched the chrome Browser
 INFO [main] (TestBase.java:78)- Launched the chrome Browser
 INFO [main] (TestBase.java:78)- Launched the chrome Browser
 INFO [main] (TestBase.java:78)- Launched the chrome Browser
 INFO [main] (TestBase.java:78)- Launched the chrome Browser
 INFO [main] (TestBase.java:78)- Launched the chrome Browser
 INFO [main] (TestBase.java:78)- Launched the chrome Browser
 INFO [main] (TestBase.java:78)- Launched the chrome Browser
 INFO [main] (TestBase.java:78)- Launched the chrome Browser
 INFO [main] (TestBase.java:78)- Launched the chrome Browser
 INFO [main] (TestBase.java:78)- Launched the chrome Browser
 INFO [main] (TestBase.java:78)- Launched the chrome Browser
 INFO [main] (TestBase.java:78)- Launched the chrome Browser
 INFO [main] (TestBase.java:78)- Launched the chrome Browser
 INFO [main] (TestBase.java:78)- Launched the chrome Browser
 INFO [main] (TestBase.java:78)- Launched the chrome Browser
 INFO [main] (TestBase.java:78)- Launched the chrome Browser
 INFO [main] (TestBase.java:78)- Launched the chrome Browser
 INFO [main] (TestBase.java:78)- Launched the chrome Browser
 INFO [main] (TestBase.java:78)- Launched the chrome Browser
 INFO [main] (TestBase.java:78)- Launched the chrome Browser
 INFO [main] (TestBase.java:78)- Launched the chrome Browser
 INFO [main] (TestBase.java:78)- Launched the chrome Browser
 INFO [main] (TestBase.java:78)- Launched the chrome Browser
 INFO [main] (TestBase.java:78)- Launched the chrome Browser
 INFO [main] (TestBase.java:78)- Launched the chrome Browser
 INFO [main] (TestBase.java:78)- Launched the chrome Browser
 INFO [main] (TestBase.java:78)- Launched the chrome Browser
 INFO [main] (TestBase.java:78)- Launched the chrome Browser
 INFO [main] (TestBase.java:78)- Launched the chrome Browser
 INFO [main] (TestBase.java:78)- Launched the chrome Browser
 INFO [main] (TestBase.java:78)- Launched the chrome Browser
 INFO [main] (TestBase.java:78)- Launched the chrome Browser
 INFO [main] (TestBase.java:78)- Launched the chrome Browser
 INFO [main] (TestBase.java:78)- Launched the chrome Browser
 INFO [main] (TestBase.java:78)- Launched the chrome Browser
 INFO [main] (TestBase.java:78)- Launched the chrome Browser
 INFO [main] (TestBase.java:78)- Launched the chrome Browser
 INFO [main] (TestBase.java:78)- Launched the chrome Browser
 INFO [main] (TestBase.java:91)- Launched the chrome Browser
 INFO [main] (TestBase.java:91)- Launched the chrome Browser
 INFO [main] (TestBase.java:91)- Launched the chrome Browser
 INFO [main] (TestBase.java:91)- Launched the chrome Browser
 INFO [main] (TestBase.java:91)- Launched the chrome Browser
 INFO [main] (TestBase.java:91)- Launched the chrome Browser
 INFO [main] (TestBase.java:91)- Launched the chrome Browser
 INFO [main] (TestBase.java:91)- Launched the chrome Browser
 INFO [main] (TestBase.java:91)- Launched the chrome Browser
 INFO [main] (TestBase.java:91)- Launched the chrome Browser
 INFO [main] (TestBase.java:91)- Launched the chrome Browser
 INFO [main] (TestBase.java:91)- Launched the chrome Browser
 INFO [main] (TestBase.java:91)- Launched the chrome Browser
 INFO [main] (TestBase.java:91)- Launched the chrome Browser
 INFO [main] (TestBase.java:91)- Launched the chrome Browser
 INFO [main] (TestBase.java:91)- Launched the chrome Browser
 INFO [main] (TestBase.java:91)- Launched the chrome Browser
 INFO [main] (TestBase.java:91)- Launched the chrome Browser
 INFO [main] (TestBase.java:91)- Launched the chrome Browser
 INFO [main] (TestBase.java:91)- Launched the chrome Browser
 INFO [main] (TestBase.java:91)- Launched the chrome Browser
 INFO [main] (TestBase.java:91)- Launched the chrome Browser
 INFO [main] (TestBase.java:91)- Launched the chrome Browser
 INFO [main] (TestBase.java:91)- Launched the chrome Browser
 INFO [main] (TestBase.java:91)- Launched the chrome Browser
 INFO [main] (TestBase.java:91)- Launched the chrome Browser
 INFO [main] (TestBase.java:91)- Launched the chrome Browser
 INFO [main] (TestBase.java:91)- Launched the chrome Browser
 INFO [main] (TestBase.java:91)- Launched the chrome Browser
 INFO [main] (TestBase.java:91)- Launched the chrome Browser
 INFO [main] (TestBase.java:91)- Launched the chrome Browser
 INFO [main] (TestBase.java:91)- Launched the chrome Browser
 INFO [main] (TestBase.java:91)- Launched the chrome Browser
 INFO [main] (TestBase.java:91)- Launched the chrome Browser
 INFO [main] (TestBase.java:91)- Launched the chrome Browser
 INFO [main] (TestBase.java:91)- Launched the chrome Browser
 INFO [main] (TestBase.java:91)- Launched the chrome Browser
 INFO [main] (TestBase.java:91)- Launched the chrome Browser
 INFO [main] (TestBase.java:91)- Launched the chrome Browser
 INFO [main] (TestBase.java:91)- Launched the chrome Browser
 INFO [main] (TestBase.java:91)- Launched the chrome Browser
 INFO [main] (TestBase.java:91)- Launched the chrome Browser
 INFO [main] (TestBase.java:91)- Launched the chrome Browser
 INFO [main] (TestBase.java:91)- Launched the chrome Browser
 INFO [main] (TestBase.java:91)- Launched the chrome Browser
 INFO [main] (TestBase.java:91)- Launched the chrome Browser
 INFO [main] (TestBase.java:91)- Launched the chrome Browser
 INFO [main] (TestBase.java:91)- Launched the chrome Browser
 INFO [main] (TestBase.java:91)- Launched the chrome Browser
 INFO [main] (TestBase.java:91)- Launched the chrome Browser
 INFO [main] (TestBase.java:91)- Launched the chrome Browser
 INFO [main] (TestBase.java:91)- Launched the chrome Browser
 INFO [main] (TestBase.java:91)- Launched the chrome Browser
 INFO [main] (TestBase.java:91)- Launched the chrome Browser
 INFO [main] (TestBase.java:91)- Launched the chrome Browser
 INFO [main] (TestBase.java:91)- Launched the chrome Browser
 INFO [main] (TestBase.java:91)- Launched the chrome Browser
 INFO [main] (TestBase.java:91)- Launched the chrome Browser
 INFO [main] (TestBase.java:91)- Launched the chrome Browser
 INFO [main] (TestBase.java:91)- Launched the chrome Browser
 INFO [main] (TestBase.java:91)- Launched the chrome Browser
 INFO [main] (TestBase.java:91)- Launched the chrome Browser
 INFO [main] (TestBase.java:91)- Launched the chrome Browser
 INFO [main] (TestBase.java:91)- Launched the chrome Browser
 INFO [main] (TestBase.java:91)- Launched the chrome Browser
 INFO [main] (TestBase.java:91)- Launched the chrome Browser
 INFO [main] (TestBase.java:91)- Launched the chrome Browser
 INFO [main] (TestBase.java:91)- Launched the chrome Browser
 INFO [main] (TestBase.java:91)- Launched the chrome Browser
 INFO [main] (TestBase.java:91)- Launched the chrome Browser
 INFO [main] (TestBase.java:91)- Launched the chrome Browser
 INFO [main] (TestBase.java:91)- Launched the chrome Browser
 INFO [main] (TestBase.java:91)- Launched the chrome Browser
 INFO [main] (TestBase.java:91)- Launched the chrome Browser
 INFO [main] (TestBase.java:91)- Launched the chrome Browser
 INFO [main] (TestBase.java:91)- Launched the chrome Browser
 INFO [main] (TestBase.java:91)- Launched the chrome Browser
 INFO [main] (TestBase.java:91)- Launched the chrome Browser
 INFO [main] (TestBase.java:91)- Launched the chrome Browser
 INFO [main] (TestBase.java:91)- Launched the chrome Browser
 INFO [main] (TestBase.java:91)- Launched the chrome Browser
 INFO [main] (TestBase.java:91)- Launched the chrome Browser
 INFO [main] (TestBase.java:91)- Launched the chrome Browser
 INFO [main] (TestBase.java:91)- Launched the chrome Browser
 INFO [main] (TestBase.java:91)- Launched the chrome Browser
 INFO [main] (TestBase.java:91)- Launched the chrome Browser
 INFO [main] (TestBase.java:91)- Launched the chrome Browser
 INFO [main] (TestBase.java:91)- Launched the chrome Browser
 INFO [main] (TestBase.java:91)- Launched the chrome Browser
 INFO [main] (TestBase.java:91)- Launched the chrome Browser
 INFO [main] (TestBase.java:91)- Launched the chrome Browser
 INFO [main] (TestBase.java:91)- Launched the chrome Browser
 INFO [main] (TestBase.java:91)- Launched the chrome Browser
 INFO [main] (TestBase.java:91)- Launched the chrome Browser
 INFO [main] (TestBase.java:91)- Launched the chrome Browser
 INFO [main] (TestBase.java:91)- Launched the chrome Browser
 INFO [main] (TestBase.java:91)- Launched the chrome Browser
 INFO [main] (TestBase.java:91)- Launched the chrome Browser
 INFO [main] (TestBase.java:91)- Launched the chrome Browser
 INFO [main] (TestBase.java:91)- Launched the chrome Browser
 INFO [main] (TestBase.java:91)- Launched the chrome Browser
 INFO [main] (TestBase.java:91)- Launched the chrome Browser
 INFO [main] (TestBase.java:91)- Launched the chrome Browser
 INFO [main] (TestBase.java:91)- Launched the chrome Browser
 INFO [main] (TestBase.java:91)- Launched the chrome Browser
 INFO [main] (TestBase.java:91)- Launched the chrome Browser
 INFO [main] (TestBase.java:91)- Launched the chrome Browser
 INFO [main] (TestBase.java:91)- Launched the chrome Browser
 INFO [main] (TestBase.java:91)- Launched the chrome Browser
 INFO [main] (TestBase.java:91)- Launched the chrome Browser
 INFO [main] (TestBase.java:91)- Launched the chrome Browser
 INFO [main] (TestBase.java:91)- Launched the chrome Browser
 INFO [main] (TestBase.java:91)- Launched the chrome Browser
 INFO [main] (TestBase.java:91)- Launched the chrome Browser
 INFO [main] (TestBase.java:91)- Launched the chrome Browser
 INFO [main] (TestBase.java:91)- Launched the chrome Browser
 INFO [main] (TestBase.java:91)- Launched the chrome Browser
 INFO [main] (TestBase.java:91)- Launched the chrome Browser
 INFO [main] (TestBase.java:91)- Launched the chrome Browser
 INFO [main] (TestBase.java:91)- Launched the chrome Browser
 INFO [main] (TestBase.java:91)- Launched the chrome Browser
 INFO [main] (TestBase.java:91)- Launched the chrome Browser
 INFO [main] (TestBase.java:91)- Launched the chrome Browser
 INFO [main] (TestBase.java:91)- Launched the chrome Browser
 INFO [main] (TestBase.java:91)- Launched the chrome Browser
 INFO [main] (TestBase.java:91)- Launched the chrome Browser
 INFO [main] (TestBase.java:91)- Launched the chrome Browser
 INFO [main] (TestBase.java:91)- Launched the chrome Browser
 INFO [main] (TestBase.java:91)- Launched the chrome Browser
 INFO [main] (TestBase.java:91)- Launched the chrome Browser
 INFO [main] (TestBase.java:91)- Launched the chrome Browser
 INFO [main] (TestBase.java:91)- Launched the chrome Browser
 INFO [main] (TestBase.java:91)- Launched the chrome Browser
 INFO [main] (TestBase.java:91)- Launched the chrome Browser
 INFO [main] (TestBase.java:91)- Launched the chrome Browser
 INFO [main] (TestBase.java:91)- Launched the chrome Browser
 INFO [main] (TestBase.java:91)- Launched the chrome Browser
 INFO [main] (TestBase.java:91)- Launched the chrome Browser
 INFO [main] (TestBase.java:91)- Launched the chrome Browser
 INFO [main] (TestBase.java:91)- Launched the chrome Browser
 INFO [main] (TestBase.java:91)- Launched the chrome Browser
 INFO [main] (TestBase.java:91)- Launched the chrome Browser
 INFO [main] (TestBase.java:91)- Launched the chrome Browser
 INFO [main] (TestBase.java:91)- Launched the chrome Browser
 INFO [main] (TestBase.java:91)- Launched the chrome Browser
 INFO [main] (TestBase.java:91)- Launched the chrome Browser
 INFO [main] (TestBase.java:91)- Launched the chrome Browser
 INFO [main] (TestBase.java:91)- Launched the chrome Browser
 INFO [main] (TestBase.java:91)- Launched the chrome Browser
 INFO [main] (TestBase.java:91)- Launched the chrome Browser
 INFO [main] (TestBase.java:91)- Launched the chrome Browser
 INFO [main] (TestBase.java:91)- Launched the chrome Browser
 INFO [main] (TestBase.java:91)- Launched the chrome Browser
 INFO [main] (TestBase.java:91)- Launched the chrome Browser
 INFO [main] (TestBase.java:91)- Launched the chrome Browser
 INFO [main] (TestBase.java:91)- Launched the chrome Browser
 INFO [main] (TestBase.java:91)- Launched the chrome Browser
 INFO [main] (TestBase.java:91)- Launched the chrome Browser
 INFO [main] (TestBase.java:91)- Launched the chrome Browser
 INFO [main] (TestBase.java:91)- Launched the chrome Browser
 INFO [main] (TestBase.java:91)- Launched the chrome Browser
 INFO [main] (TestBase.java:91)- Launched the chrome Browser
 INFO [main] (TestBase.java:91)- Launched the chrome Browser
 INFO [main] (TestBase.java:91)- Launched the chrome Browser
 INFO [main] (TestBase.java:91)- Launched the chrome Browser
 INFO [main] (TestBase.java:91)- Launched the chrome Browser
 INFO [main] (TestBase.java:91)- Launched the chrome Browser
 INFO [main] (TestBase.java:91)- Launched the chrome Browser
 INFO [main] (TestBase.java:91)- Launched the chrome Browser
 INFO [main] (TestBase.java:91)- Launched the chrome Browser
 INFO [main] (TestBase.java:91)- Launched the chrome Browser
 INFO [main] (TestBase.java:91)- Launched the chrome Browser
 INFO [main] (TestBase.java:91)- Launched the chrome Browser
 INFO [main] (TestBase.java:91)- Launched the chrome Browser
 INFO [main] (TestBase.java:91)- Launched the chrome Browser
 INFO [main] (TestBase.java:91)- Launched the chrome Browser
 INFO [main] (TestBase.java:91)- Launched the chrome Browser
 INFO [main] (TestBase.java:91)- Launched the chrome Browser
 INFO [main] (TestBase.java:91)- Launched the chrome Browser
 INFO [main] (TestBase.java:91)- Launched the chrome Browser
 INFO [main] (TestBase.java:91)- Launched the chrome Browser
 INFO [main] (TestBase.java:91)- Launched the chrome Browser
 INFO [main] (TestBase.java:91)- Launched the chrome Browser
 INFO [main] (TestBase.java:91)- Launched the chrome Browser
 INFO [main] (TestBase.java:91)- Launched the chrome Browser
 INFO [main] (TestBase.java:91)- Launched the chrome Browser
 INFO [main] (TestBase.java:91)- Launched the chrome Browser
 INFO [main] (TestBase.java:91)- Launched the chrome Browser
 INFO [main] (TestBase.java:91)- Launched the chrome Browser
 INFO [main] (TestBase.java:91)- Launched the chrome Browser
 INFO [main] (TestBase.java:91)- Launched the chrome Browser
 INFO [main] (TestBase.java:91)- Launched the chrome Browser
 INFO [main] (TestBase.java:91)- Launched the chrome Browser
 INFO [main] (TestBase.java:91)- Launched the chrome Browser
 INFO [main] (TestBase.java:91)- Launched the chrome Browser
 INFO [main] (TestBase.java:91)- Launched the chrome Browser
 INFO [main] (TestBase.java:91)- Launched the chrome Browser
 INFO [main] (TestBase.java:91)- Launched the chrome Browser
 INFO [main] (TestBase.java:91)- Launched the chrome Browser
 INFO [main] (TestBase.java:91)- Launched the chrome Browser
 INFO [main] (TestBase.java:91)- Launched the chrome Browser
 INFO [main] (TestBase.java:91)- Launched the chrome Browser
 INFO [main] (TestBase.java:91)- Launched the chrome Browser
 INFO [main] (TestBase.java:91)- Launched the chrome Browser
 INFO [main] (TestBase.java:91)- Launched the chrome Browser
 INFO [main] (TestBase.java:91)- Launched the chrome Browser
 INFO [main] (TestBase.java:91)- Launched the chrome Browser
 INFO [main] (TestBase.java:91)- Launched the chrome Browser
 INFO [main] (TestBase.java:91)- Launched the chrome Browser
 INFO [main] (TestBase.java:91)- Launched the chrome Browser
 INFO [main] (TestBase.java:91)- Launched the chrome Browser
 INFO [main] (TestBase.java:91)- Launched the chrome Browser
 INFO [main] (TestBase.java:91)- Launched the chrome Browser
 INFO [main] (TestBase.java:91)- Launched the chrome Browser
 INFO [main] (TestBase.java:91)- Launched the chrome Browser
 INFO [main] (TestBase.java:91)- Launched the chrome Browser
 INFO [main] (TestBase.java:91)- Launched the chrome Browser
 INFO [main] (TestBase.java:91)- Launched the chrome Browser
 INFO [main] (TestBase.java:91)- Launched the chrome Browser
 INFO [main] (TestBase.java:91)- Launched the chrome Browser
 INFO [main] (TestBase.java:91)- Launched the chrome Browser
 INFO [main] (TestBase.java:91)- Launched the chrome Browser
 INFO [main] (TestBase.java:91)- Launched the chrome Browser
 INFO [main] (TestBase.java:91)- Launched the chrome Browser
 INFO [main] (TestBase.java:91)- Launched the chrome Browser
 INFO [main] (TestBase.java:91)- Launched the chrome Browser
 INFO [main] (TestBase.java:91)- Launched the chrome Browser
 INFO [main] (TestBase.java:91)- Launched the chrome Browser
 INFO [main] (TestBase.java:91)- Launched the chrome Browser
 INFO [main] (TestBase.java:91)- Launched the chrome Browser
 INFO [main] (TestBase.java:91)- Launched the chrome Browser
 INFO [main] (TestBase.java:91)- Launched the chrome Browser
 INFO [main] (TestBase.java:91)- Launched the chrome Browser
 INFO [main] (TestBase.java:91)- Launched the chrome Browser
 INFO [main] (TestBase.java:91)- Launched the chrome Browser
 INFO [main] (TestBase.java:91)- Launched the chrome Browser
 INFO [main] (TestBase.java:91)- Launched the chrome Browser
 INFO [main] (TestBase.java:91)- Launched the chrome Browser
 INFO [main] (TestBase.java:91)- Launched the chrome Browser
 INFO [main] (TestBase.java:91)- Launched the chrome Browser
 INFO [main] (TestBase.java:91)- Launched the chrome Browser
 INFO [main] (TestBase.java:91)- Launched the chrome Browser
 INFO [main] (TestBase.java:91)- Launched the chrome Browser
 INFO [main] (TestBase.java:91)- Launched the chrome Browser
 INFO [main] (TestBase.java:91)- Launched the chrome Browser
 INFO [main] (TestBase.java:91)- Launched the chrome Browser
 INFO [main] (TestBase.java:91)- Launched the chrome Browser
 INFO [main] (TestBase.java:91)- Launched the chrome Browser
 INFO [main] (TestBase.java:91)- Launched the chrome Browser
 INFO [main] (TestBase.java:91)- Launched the chrome Browser
 INFO [main] (TestBase.java:91)- Launched the chrome Browser
 INFO [main] (TestBase.java:91)- Launched the chrome Browser
 INFO [main] (TestBase.java:91)- Launched the chrome Browser
 INFO [main] (TestBase.java:91)- Launched the chrome Browser
 INFO [main] (TestBase.java:91)- Launched the chrome Browser
 INFO [main] (TestBase.java:91)- Launched the chrome Browser
 INFO [main] (TestBase.java:91)- Launched the chrome Browser
 INFO [main] (TestBase.java:91)- Launched the chrome Browser
 INFO [main] (TestBase.java:91)- Launched the chrome Browser
 INFO [main] (TestBase.java:91)- Launched the chrome Browser
 INFO [main] (TestBase.java:91)- Launched the chrome Browser
 INFO [main] (TestBase.java:91)- Launched the chrome Browser
 INFO [main] (TestBase.java:91)- Launched the chrome Browser
 INFO [main] (TestBase.java:91)- Launched the chrome Browser
 INFO [main] (TestBase.java:91)- Launched the chrome Browser
 INFO [main] (TestBase.java:91)- Launched the chrome Browser
 INFO [main] (TestBase.java:91)- Launched the chrome Browser
 INFO [main] (TestBase.java:91)- Launched the chrome Browser
 INFO [main] (TestBase.java:91)- Launched the chrome Browser
 INFO [main] (TestBase.java:91)- Launched the chrome Browser
 INFO [main] (TestBase.java:91)- Launched the chrome Browser
 INFO [main] (TestBase.java:91)- Launched the chrome Browser
 INFO [main] (TestBase.java:91)- Launched the chrome Browser
 INFO [main] (TestBase.java:91)- Launched the chrome Browser
 INFO [main] (TestBase.java:91)- Launched the chrome Browser
 INFO [main] (TestBase.java:91)- Launched the chrome Browser
 INFO [main] (TestBase.java:91)- Launched the chrome Browser
 INFO [main] (TestBase.java:91)- Launched the chrome Browser
 INFO [main] (TestBase.java:91)- Launched the chrome Browser
 INFO [main] (TestBase.java:91)- Launched the chrome Browser
 INFO [main] (TestBase.java:91)- Launched the chrome Browser
 INFO [main] (TestBase.java:91)- Launched the chrome Browser
 INFO [main] (TestBase.java:91)- Launched the chrome Browser
 INFO [main] (TestBase.java:91)- Launched the chrome Browser
 INFO [main] (TestBase.java:91)- Launched the chrome Browser
 INFO [main] (TestBase.java:91)- Launched the chrome Browser
 INFO [main] (TestBase.java:91)- Launched the chrome Browser
 INFO [main] (TestBase.java:91)- Launched the chrome Browser
 INFO [main] (TestBase.java:91)- Launched the chrome Browser
 INFO [main] (TestBase.java:91)- Launched the chrome Browser
 INFO [main] (TestBase.java:91)- Launched the chrome Browser
 INFO [main] (TestBase.java:91)- Launched the chrome Browser
 INFO [main] (TestBase.java:91)- Launched the chrome Browser
 INFO [main] (TestBase.java:91)- Launched the chrome Browser
 INFO [main] (TestBase.java:91)- Launched the chrome Browser
 INFO [main] (TestBase.java:91)- Launched the chrome Browser
 INFO [main] (TestBase.java:91)- Launched the chrome Browser
 INFO [main] (TestBase.java:91)- Launched the chrome Browser
 INFO [main] (TestBase.java:91)- Launched the chrome Browser
 INFO [main] (TestBase.java:91)- Launched the chrome Browser
 INFO [main] (TestBase.java:91)- Launched the chrome Browser
 INFO [main] (TestBase.java:91)- Launched the chrome Browser
 INFO [main] (TestBase.java:91)- Launched the chrome Browser
 INFO [main] (TestBase.java:91)- Launched the chrome Browser
 INFO [main] (TestBase.java:91)- Launched the chrome Browser
 INFO [main] (TestBase.java:91)- Launched the chrome Browser
 INFO [main] (TestBase.java:91)- Launched the chrome Browser
 INFO [main] (TestBase.java:91)- Launched the chrome Browser
 INFO [main] (TestBase.java:91)- Launched the chrome Browser
 INFO [main] (TestBase.java:91)- Launched the chrome Browser
 INFO [main] (TestBase.java:91)- Launched the chrome Browser
 INFO [main] (TestBase.java:91)- Launched the chrome Browser
 INFO [main] (TestBase.java:91)- Launched the chrome Browser
 INFO [main] (TestBase.java:91)- Launched the chrome Browser
 INFO [main] (TestBase.java:91)- Launched the chrome Browser
 INFO [main] (TestBase.java:91)- Launched the chrome Browser
 INFO [main] (TestBase.java:91)- Launched the chrome Browser
 INFO [main] (TestBase.java:91)- Launched the chrome Browser
 INFO [main] (TestBase.java:91)- Launched the chrome Browser
 INFO [main] (TestBase.java:91)- Launched the chrome Browser
 INFO [main] (TestBase.java:91)- Launched the chrome Browser
 INFO [main] (TestBase.java:91)- Launched the chrome Browser
 INFO [main] (TestBase.java:91)- Launched the chrome Browser
 INFO [main] (TestBase.java:91)- Launched the chrome Browser
 INFO [main] (TestBase.java:91)- Launched the chrome Browser
 INFO [main] (TestBase.java:91)- Launched the chrome Browser
 INFO [main] (TestBase.java:91)- Launched the chrome Browser
 INFO [main] (TestBase.java:91)- Launched the chrome Browser
 INFO [main] (TestBase.java:91)- Launched the chrome Browser
 INFO [main] (TestBase.java:91)- Launched the chrome Browser
 INFO [main] (TestBase.java:91)- Launched the chrome Browser
 INFO [main] (TestBase.java:91)- Launched the chrome Browser
 INFO [main] (TestBase.java:91)- Launched the chrome Browser
 INFO [main] (TestBase.java:91)- Launched the chrome Browser
 INFO [main] (TestBase.java:91)- Launched the chrome Browser
 INFO [main] (TestBase.java:91)- Launched the chrome Browser
 INFO [main] (TestBase.java:91)- Launched the chrome Browser
 INFO [main] (TestBase.java:91)- Launched the chrome Browser
 INFO [main] (TestBase.java:91)- Launched the chrome Browser
 INFO [main] (TestBase.java:91)- Launched the chrome Browser
 INFO [main] (TestBase.java:91)- Launched the chrome Browser
 INFO [main] (TestBase.java:91)- Launched the chrome Browser
 INFO [main] (TestBase.java:91)- Launched the chrome Browser
 INFO [main] (TestBase.java:91)- Launched the chrome Browser
 INFO [main] (TestBase.java:91)- Launched the chrome Browser
 INFO [main] (TestBase.java:91)- Launched the chrome Browser
 INFO [main] (TestBase.java:91)- Launched the chrome Browser
 INFO [main] (TestBase.java:91)- Launched the chrome Browser
 INFO [main] (TestBase.java:91)- Launched the chrome Browser
 INFO [main] (TestBase.java:91)- Launched the chrome Browser
 INFO [main] (TestBase.java:91)- Launched the chrome Browser
 INFO [main] (TestBase.java:91)- Launched the chrome Browser
 INFO [main] (TestBase.java:91)- Launched the chrome Browser
 INFO [main] (TestBase.java:91)- Launched the chrome Browser
 INFO [main] (TestBase.java:91)- Launched the chrome Browser
 INFO [main] (TestBase.java:91)- Launched the chrome Browser
 INFO [main] (TestBase.java:91)- Launched the chrome Browser
 INFO [main] (TestBase.java:91)- Launched the chrome Browser
 INFO [main] (TestBase.java:91)- Launched the chrome Browser
 INFO [main] (TestBase.java:91)- Launched the chrome Browser
 INFO [main] (TestBase.java:91)- Launched the chrome Browser
 INFO [main] (TestBase.java:91)- Launched the chrome Browser
 INFO [main] (TestBase.java:91)- Launched the chrome Browser
 INFO [main] (TestBase.java:91)- Launched the chrome Browser
 INFO [main] (TestBase.java:91)- Launched the chrome Browser
 INFO [main] (TestBase.java:91)- Launched the chrome Browser
 INFO [main] (TestBase.java:91)- Launched the chrome Browser
 INFO [main] (TestBase.java:91)- Launched the chrome Browser
 INFO [main] (TestBase.java:91)- Launched the chrome Browser
 INFO [main] (TestBase.java:91)- Launched the chrome Browser
 INFO [main] (TestBase.java:91)- Launched the chrome Browser
 INFO [main] (TestBase.java:91)- Launched the chrome Browser
 INFO [main] (TestBase.java:91)- Launched the chrome Browser
 INFO [main] (TestBase.java:91)- Launched the chrome Browser
 INFO [main] (TestBase.java:91)- Launched the chrome Browser
 INFO [main] (TestBase.java:91)- Launched the chrome Browser
 INFO [main] (TestBase.java:91)- Launched the chrome Browser
 INFO [main] (TestBase.java:91)- Launched the chrome Browser
 INFO [main] (TestBase.java:91)- Launched the chrome Browser
 INFO [main] (TestBase.java:91)- Launched the chrome Browser
 INFO [main] (TestBase.java:91)- Launched the chrome Browser
 INFO [main] (TestBase.java:91)- Launched the chrome Browser
 INFO [main] (TestBase.java:91)- Launched the chrome Browser
 INFO [main] (TestBase.java:91)- Launched the chrome Browser
 INFO [main] (TestBase.java:91)- Launched the chrome Browser
 INFO [main] (TestBase.java:91)- Launched the chrome Browser
 INFO [main] (TestBase.java:91)- Launched the chrome Browser
 INFO [main] (TestBase.java:91)- Launched the chrome Browser
 INFO [main] (TestBase.java:91)- Launched the chrome Browser
 INFO [main] (TestBase.java:91)- Launched the chrome Browser
 INFO [main] (TestBase.java:91)- Launched the chrome Browser
 INFO [main] (TestBase.java:91)- Launched the chrome Browser
 INFO [main] (TestBase.java:91)- Launched the chrome Browser
 INFO [main] (TestBase.java:91)- Launched the chrome Browser
 INFO [main] (TestBase.java:91)- Launched the chrome Browser
 INFO [main] (TestBase.java:91)- Launched the chrome Browser
 INFO [main] (TestBase.java:91)- Launched the chrome Browser
 INFO [main] (TestBase.java:91)- Launched the chrome Browser
 INFO [main] (TestBase.java:91)- Launched the chrome Browser
 INFO [main] (TestBase.java:91)- Launched the chrome Browser
 INFO [main] (TestBase.java:91)- Launched the chrome Browser
 INFO [main] (TestBase.java:91)- Launched the chrome Browser
 INFO [main] (TestBase.java:91)- Launched the chrome Browser
 INFO [main] (TestBase.java:91)- Launched the chrome Browser
 INFO [main] (TestBase.java:91)- Launched the chrome Browser
 INFO [main] (TestBase.java:91)- Launched the chrome Browser
 INFO [main] (TestBase.java:91)- Launched the chrome Browser
 INFO [main] (TestBase.java:91)- Launched the chrome Browser
 INFO [main] (TestBase.java:91)- Launched the chrome Browser
 INFO [main] (TestBase.java:91)- Launched the chrome Browser
 INFO [main] (TestBase.java:91)- Launched the chrome Browser
 INFO [main] (TestBase.java:91)- Launched the chrome Browser
 INFO [main] (TestBase.java:91)- Launched the chrome Browser
 INFO [main] (TestBase.java:91)- Launched the chrome Browser
 INFO [main] (TestBase.java:91)- Launched the chrome Browser
 INFO [main] (TestBase.java:91)- Launched the chrome Browser
 INFO [main] (TestBase.java:91)- Launched the chrome Browser
 INFO [main] (TestBase.java:91)- Launched the chrome Browser
 INFO [main] (TestBase.java:91)- Launched the chrome Browser
 INFO [main] (TestBase.java:91)- Launched the chrome Browser
 INFO [main] (TestBase.java:91)- Launched the chrome Browser
 INFO [main] (TestBase.java:91)- Launched the chrome Browser
 INFO [main] (TestBase.java:91)- Launched the chrome Browser
 INFO [main] (TestBase.java:91)- Launched the chrome Browser
 INFO [main] (TestBase.java:91)- Launched the chrome Browser
 INFO [main] (TestBase.java:91)- Launched the chrome Browser
 INFO [main] (TestBase.java:91)- Launched the chrome Browser
 INFO [main] (TestBase.java:91)- Launched the chrome Browser
 INFO [main] (TestBase.java:91)- Launched the chrome Browser
 INFO [main] (TestBase.java:91)- Launched the chrome Browser
 INFO [main] (TestBase.java:91)- Launched the chrome Browser
 INFO [main] (TestBase.java:91)- Launched the chrome Browser
 INFO [main] (TestBase.java:91)- Launched the ie Browser
 INFO [main] (TestBase.java:91)- Launched the firefox Browser
 INFO [main] (TestBase.java:91)- Launched the firefox Browser
 INFO [main] (TestBase.java:91)- Launched the firefox Browser
 INFO [main] (TestBase.java:91)- Launched the chrome Browser
 INFO [main] (TestBase.java:91)- Launched the chrome Browser
 INFO [main] (TestBase.java:91)- Launched the chrome Browser
 INFO [main] (TestBase.java:91)- Launched the chrome Browser
 INFO [main] (TestBase.java:91)- Launched the chrome Browser
 INFO [main] (TestBase.java:91)- Launched the chrome Browser
 INFO [main] (TestBase.java:116)- Launched the chrome Browser
 INFO [main] (TestBase.java:116)- Launched the chrome Browser
 INFO [main] (TestBase.java:116)- Launched the chrome Browser
 INFO [main] (TestBase.java:116)- Launched the chrome Browser
 INFO [main] (TestBase.java:117)- Launched the chrome Browser
 INFO [main] (TestBase.java:118)- Launched the chrome Browser
 INFO [main] (TestBase.java:118)- Launched the chrome Browser
 INFO [main] (TestBase.java:118)- Launched the chrome Browser
 INFO [main] (TestBase.java:99)- Launched the chrome Browser
 INFO [main] (TestBase.java:99)- Launched the ie Browser
 INFO [main] (TestBase.java:151)- Launched the ie Browser
 INFO [main] (TestBase.java:151)- Launched the ie Browser
 INFO [main] (TestBase.java:153)- Launched the ie Browser
 INFO [main] (TestBase.java:153)- Launched the ie Browser
 INFO [main] (TestBase.java:108)- Launched the ie Browser
 INFO [main] (TestBase.java:108)- Launched the chrome Browser
 INFO [main] (TestBase.java:108)- Launched the chrome Browser
 INFO [main] (TestBase.java:108)- Launched the chrome Browser
 INFO [main] (TestBase.java:108)- Launched the chrome Browser
 INFO [main] (TestBase.java:108)- Launched the chrome Browser
 INFO [main] (TestBase.java:108)- Launched the chrome Browser
 INFO [main] (TestBase.java:108)- Launched the chrome Browser
 INFO [main] (TestBase.java:108)- Launched the ie Browser
 INFO [main] (TestBase.java:108)- Launched the ie Browser
 INFO [main] (TestBase.java:108)- Launched the chrome Browser
 INFO [main] (TestBase.java:109)- Launched the chrome Browser
 INFO [main] (TestBase.java:109)- Launched the chrome Browser
 INFO [main] (TestBase.java:110)- Launched the chrome Browser
 INFO [main] (TestBase.java:110)- Launched the chrome Browser
 INFO [main] (TestBase.java:108)- Launched the chrome Browser
 INFO [main] (TestBase.java:108)- Launched the chrome Browser
 INFO [main] (TestBase.java:108)- Launched the firefox Browser
 INFO [main] (TestBase.java:108)- Launched the firefox Browser
 INFO [main] (TestBase.java:108)- Launched the ie Browser
 INFO [main] (TestBase.java:108)- Launched the ie Browser
 INFO [main] (TestBase.java:108)- Launched the chrome Browser
 INFO [main] (TestBase.java:108)- Launched the chrome Browser
 INFO [main] (TestBase.java:108)- Launched the chrome Browser
 INFO [main] (TestBase.java:108)- Launched the chrome Browser
 INFO [TestNG] (TestBase.java:108)- Launched the chrome Browser
 INFO [TestNG] (TestBase.java:108)- Launched the chrome Browser
 INFO [main] (TestBase.java:108)- Launched the chrome Browser
 INFO [main] (TestBase.java:108)- Launched the firefox Browser
 INFO [TestNG] (TestBase.java:108)- Launched the firefox Browser
 INFO [main] (TestBase.java:108)- Launched the firefox Browser
 INFO [main] (TestBase.java:108)- Launched the chrome Browser
 INFO [main] (TestBase.java:108)- Launched the chrome Browser
 INFO [main] (TestBase.java:108)- Launched the chrome Browser
 INFO [main] (TestBase.java:108)- Launched the chrome Browser
 INFO [main] (TestBase.java:108)- Launched the chrome Browser
 INFO [main] (TestBase.java:108)- Launched the chrome Browser
 INFO [main] (TestBase.java:108)- Launched the chrome Browser
 INFO [main] (TestBase.java:108)- Launched the chrome Browser
 INFO [main] (TestBase.java:108)- Launched the chrome Browser
 INFO [main] (TestBase.java:108)- Launched the chrome Browser
 INFO [main] (TestBase.java:108)- Launched the chrome Browser
 INFO [main] (TestBase.java:108)- Launched the chrome Browser
 INFO [main] (TestBase.java:108)- Launched the chrome Browser
 INFO [main] (TestBase.java:108)- Launched the chrome Browser
 INFO [main] (TestBase.java:108)- Launched the chrome Browser
 INFO [main] (TestBase.java:108)- Launched the chrome Browser
 INFO [main] (TestBase.java:108)- Launched the chrome Browser
 INFO [main] (TestBase.java:108)- Launched the chrome Browser
 INFO [main] (TestBase.java:108)- Launched the chrome Browser
 INFO [main] (TestBase.java:108)- Launched the ie Browser
 INFO [main] (TestBase.java:108)- Launched the chrome Browser
 INFO [main] (TestBase.java:108)- Launched the chrome Browser
 INFO [main] (TestBase.java:108)- Launched the chrome Browser
 INFO [main] (TestBase.java:108)- Launched the chrome Browser
 INFO [main] (TestBase.java:108)- Launched the chrome Browser
 INFO [main] (TestBase.java:108)- Launched the chrome Browser
 INFO [main] (TestBase.java:108)- Launched the chrome Browser
 INFO [main] (TestBase.java:108)- Launched the chrome Browser
 INFO [main] (TestBase.java:108)- Launched the chrome Browser
 INFO [main] (TestBase.java:108)- Launched the chrome Browser
 INFO [main] (TestBase.java:108)- Launched the chrome Browser
 INFO [main] (TestBase.java:108)- Launched the chrome Browser
 INFO [main] (TestBase.java:108)- Launched the chrome Browser
 INFO [main] (TestBase.java:108)- Launched the chrome Browser
 INFO [main] (TestBase.java:108)- Launched the chrome Browser
 INFO [main] (TestBase.java:108)- Launched the chrome Browser
 INFO [main] (TestBase.java:108)- Launched the chrome Browser
 INFO [main] (TestBase.java:108)- Launched the chrome Browser
 INFO [main] (TestBase.java:108)- Launched the chrome Browser
 INFO [main] (TestBase.java:108)- Launched the chrome Browser
 INFO [main] (TestBase.java:108)- Launched the chrome Browser
 INFO [main] (TestBase.java:108)- Launched the chrome Browser
 INFO [main] (TestBase.java:108)- Launched the chrome Browser
 INFO [main] (TestBase.java:108)- Launched the chrome Browser
 INFO [main] (TestBase.java:108)- Launched the chrome Browser
 INFO [main] (TestBase.java:108)- Launched the chrome Browser
 INFO [main] (TestBase.java:108)- Launched the chrome Browser
 INFO [main] (TestBase.java:108)- Launched the chrome Browser
 INFO [main] (TestBase.java:108)- Launched the chrome Browser
 INFO [main] (TestBase.java:108)- Launched the chrome Browser
 INFO [main] (TestBase.java:108)- Launched the chrome Browser
 INFO [main] (TestBase.java:108)- Launched the chrome Browser
 INFO [main] (TestBase.java:108)- Launched the chrome Browser
 INFO [main] (TestBase.java:108)- Launched the chrome Browser
 INFO [main] (TestBase.java:108)- Launched the chrome Browser
 INFO [main] (TestBase.java:108)- Launched the chrome Browser
 INFO [main] (TestBase.java:108)- Launched the chrome Browser
 INFO [main] (TestBase.java:108)- Launched the chrome Browser
 INFO [main] (TestBase.java:108)- Launched the chrome Browser
 INFO [main] (TestBase.java:108)- Launched the ie Browser
 INFO [main] (TestBase.java:108)- Launched the chrome Browser
 INFO [main] (TestBase.java:108)- Launched the chrome Browser
 INFO [main] (TestBase.java:108)- Launched the ie Browser
 INFO [main] (TestBase.java:108)- Launched the chrome Browser
 INFO [main] (TestBase.java:108)- Launched the chrome Browser
 INFO [main] (TestBase.java:108)- Launched the chrome Browser
 INFO [main] (TestBase.java:108)- Launched the chrome Browser
 INFO [main] (TestBase.java:108)- Launched the chrome Browser
 INFO [main] (TestBase.java:108)- Launched the chrome Browser
 INFO [main] (TestBase.java:108)- Launched the chrome Browser
 INFO [main] (TestBase.java:108)- Launched the chrome Browser
 INFO [main] (TestBase.java:108)- Launched the chrome Browser
 INFO [main] (TestBase.java:108)- Launched the chrome Browser
 INFO [main] (TestBase.java:108)- Launched the chrome Browser
 INFO [main] (TestBase.java:108)- Launched the chrome Browser
 INFO [main] (TestBase.java:108)- Launched the chrome Browser
 INFO [main] (TestBase.java:108)- Launched the chrome Browser
 INFO [main] (TestBase.java:108)- Launched the chrome Browser
 INFO [main] (TestBase.java:108)- Launched the chrome Browser
 INFO [main] (TestBase.java:108)- Launched the chrome Browser
 INFO [main] (TestBase.java:108)- Launched the chrome Browser
 INFO [main] (TestBase.java:108)- Launched the chrome Browser
 INFO [main] (TestBase.java:108)- Launched the chrome Browser
 INFO [main] (TestBase.java:108)- Launched the chrome Browser
 INFO [main] (TestBase.java:108)- Launched the chrome Browser
 INFO [main] (TestBase.java:108)- Launched the chrome Browser
 INFO [main] (TestBase.java:108)- Launched the chrome Browser
 INFO [main] (TestBase.java:108)- Launched the chrome Browser
 INFO [main] (TestBase.java:108)- Launched the chrome Browser
 INFO [main] (TestBase.java:108)- Launched the chrome Browser
 INFO [main] (TestBase.java:108)- Launched the chrome Browser
 INFO [main] (TestBase.java:108)- Launched the chrome Browser
 INFO [main] (TestBase.java:108)- Launched the chrome Browser
 INFO [main] (TestBase.java:108)- Launched the chrome Browser
 INFO [main] (TestBase.java:108)- Launched the chrome Browser
 INFO [main] (TestBase.java:108)- Launched the chrome Browser
 INFO [main] (TestBase.java:108)- Launched the chrome Browser
 INFO [main] (TestBase.java:108)- Launched the chrome Browser
 INFO [main] (TestBase.java:108)- Launched the chrome Browser
 INFO [main] (TestBase.java:108)- Launched the chrome Browser
 INFO [main] (TestBase.java:108)- Launched the chrome Browser
 INFO [main] (TestBase.java:108)- Launched the chrome Browser
 INFO [main] (TestBase.java:108)- Launched the chrome Browser
 INFO [main] (TestBase.java:108)- Launched the chrome Browser
 INFO [main] (TestBase.java:108)- Launched the chrome Browser
 INFO [main] (TestBase.java:108)- Launched the firefox Browser
 INFO [main] (TestBase.java:108)- Launched the firefox Browser
 INFO [main] (TestBase.java:108)- Launched the ie Browser
 INFO [main] (TestBase.java:108)- Launched the ie Browser
 INFO [main] (TestBase.java:108)- Launched the chrome Browser
 INFO [main] (TestBase.java:108)- Launched the chrome Browser
 INFO [main] (TestBase.java:108)- Launched the firefox Browser
 INFO [main] (TestBase.java:108)- Launched the chrome Browser
 INFO [main] (TestBase.java:108)- Launched the chrome Browser
 INFO [main] (TestBase.java:108)- Launched the chrome Browser
 INFO [main] (TestBase.java:108)- Launched the chrome Browser
 INFO [main] (TestBase.java:108)- Launched the chrome Browser
 INFO [main] (TestBase.java:108)- Launched the chrome Browser
 INFO [main] (TestBase.java:108)- Launched the chrome Browser
 INFO [main] (TestBase.java:108)- Launched the chrome Browser
 INFO [main] (TestBase.java:108)- Launched the chrome Browser
 INFO [main] (TestBase.java:108)- Launched the chrome Browser
 INFO [main] (TestBase.java:108)- Launched the chrome Browser
 INFO [main] (TestBase.java:108)- Launched the chrome Browser
 INFO [main] (TestBase.java:108)- Launched the chrome Browser
 INFO [main] (TestBase.java:108)- Launched the chrome Browser
 INFO [main] (TestBase.java:108)- Launched the chrome Browser
 INFO [main] (TestBase.java:108)- Launched the chrome Browser
 INFO [main] (TestBase.java:108)- Launched the chrome Browser
 INFO [main] (TestBase.java:108)- Launched the chrome Browser
 INFO [main] (TestBase.java:108)- Launched the chrome Browser
 INFO [main] (TestBase.java:108)- Launched the chrome Browser
 INFO [main] (TestBase.java:108)- Launched the chrome Browser
 INFO [main] (TestBase.java:108)- Launched the chrome Browser
 INFO [main] (TestBase.java:108)- Launched the chrome Browser
 INFO [main] (TestBase.java:108)- Launched the chrome Browser
 INFO [main] (TestBase.java:108)- Launched the chrome Browser
 INFO [main] (TestBase.java:108)- Launched the chrome Browser
 INFO [main] (TestBase.java:108)- Launched the chrome Browser
 INFO [main] (TestBase.java:108)- Launched the chrome Browser
 INFO [main] (TestBase.java:108)- Launched the chrome Browser
 INFO [main] (TestBase.java:108)- Launched the chrome Browser
 INFO [main] (TestBase.java:108)- Launched the chrome Browser
 INFO [main] (TestBase.java:108)- Launched the chrome Browser
 INFO [main] (TestBase.java:108)- Launched the chrome Browser
 INFO [main] (TestBase.java:108)- Launched the chrome Browser
 INFO [main] (TestBase.java:108)- Launched the chrome Browser
 INFO [main] (TestBase.java:108)- Launched the chrome Browser
 INFO [main] (TestBase.java:108)- Launched the chrome Browser
 INFO [main] (TestBase.java:108)- Launched the chrome Browser
 INFO [main] (TestBase.java:108)- Launched the chrome Browser
 INFO [main] (TestBase.java:108)- Launched the chrome Browser
 INFO [main] (TestBase.java:108)- Launched the chrome Browser
 INFO [main] (TestBase.java:108)- Launched the chrome Browser
 INFO [main] (TestBase.java:108)- Launched the chrome Browser
 INFO [main] (TestBase.java:108)- Launched the chrome Browser
 INFO [main] (TestBase.java:108)- Launched the chrome Browser
 INFO [main] (TestBase.java:108)- Launched the chrome Browser
 INFO [main] (TestBase.java:108)- Launched the chrome Browser
 INFO [main] (TestBase.java:108)- Launched the chrome Browser
 INFO [main] (TestBase.java:108)- Launched the chrome Browser
 INFO [main] (TestBase.java:108)- Launched the chrome Browser
 INFO [main] (TestBase.java:108)- Launched the chrome Browser
 INFO [main] (TestBase.java:108)- Launched the chrome Browser
 INFO [main] (TestBase.java:108)- Launched the chrome Browser
 INFO [main] (TestBase.java:108)- Launched the chrome Browser
 INFO [main] (TestBase.java:108)- Launched the chrome Browser
 INFO [main] (TestBase.java:108)- Launched the chrome Browser
 INFO [main] (TestBase.java:108)- Launched the firefox Browser
 INFO [main] (TestBase.java:108)- Launched the ie Browser
 INFO [main] (TestBase.java:108)- Launched the ie Browser
 INFO [main] (TestBase.java:108)- Launched the ie Browser
 INFO [main] (TestBase.java:108)- Launched the ie Browser
 INFO [main] (TestBase.java:108)- Launched the ie Browser
 INFO [main] (TestBase.java:108)- Launched the chrome Browser
 INFO [main] (TestBase.java:108)- Launched the chrome Browser
 INFO [main] (TestBase.java:108)- Launched the chrome Browser
 INFO [main] (TestBase.java:108)- Launched the chrome Browser
 INFO [main] (TestBase.java:108)- Launched the chrome Browser
 INFO [main] (TestBase.java:108)- Launched the chrome Browser
 INFO [main] (TestBase.java:108)- Launched the chrome Browser
 INFO [main] (TestBase.java:108)- Launched the chrome Browser
 INFO [main] (TestBase.java:108)- Launched the chrome Browser
 INFO [main] (TestBase.java:108)- Launched the chrome Browser
 INFO [main] (TestBase.java:108)- Launched the chrome Browser
 INFO [main] (TestBase.java:108)- Launched the chrome Browser
 INFO [main] (TestBase.java:108)- Launched the chrome Browser
 INFO [main] (TestBase.java:108)- Launched the chrome Browser
 INFO [main] (TestBase.java:108)- Launched the chrome Browser
 INFO [main] (TestBase.java:108)- Launched the chrome Browser
 INFO [main] (TestBase.java:108)- Launched the chrome Browser
 INFO [main] (TestBase.java:108)- Launched the chrome Browser
 INFO [main] (TestBase.java:108)- Launched the chrome Browser
 INFO [main] (TestBase.java:108)- Launched the chrome Browser
 INFO [main] (TestBase.java:108)- Launched the chrome Browser
 INFO [main] (TestBase.java:108)- Launched the chrome Browser
 INFO [main] (TestBase.java:108)- Launched the chrome Browser
 INFO [TestNG] (TestBase.java:108)- Launched the chrome Browser
 INFO [TestNG] (TestBase.java:108)- Launched the chrome Browser
 INFO [main] (TestBase.java:108)- Launched the chrome Browser
 INFO [main] (TestBase.java:108)- Launched the chrome Browser
 INFO [main] (TestBase.java:108)- Launched the chrome Browser
 INFO [TestNG] (TestBase.java:108)- Launched the chrome Browser
 INFO [TestNG] (TestBase.java:108)- Launched the chrome Browser
 INFO [main] (TestBase.java:108)- Launched the chrome Browser
 INFO [main] (TestBase.java:108)- Launched the chrome Browser
 INFO [main] (TestBase.java:108)- Launched the chrome Browser
 INFO [main] (TestBase.java:108)- Launched the chrome Browser
 INFO [main] (TestBase.java:108)- Launched the chrome Browser
 INFO [main] (TestBase.java:108)- Launched the chrome Browser
 INFO [main] (TestBase.java:108)- Launched the chrome Browser
 INFO [main] (TestBase.java:108)- Launched the chrome Browser
 INFO [main] (TestBase.java:108)- Launched the chrome Browser
 INFO [main] (TestBase.java:108)- Launched the chrome Browser
 INFO [main] (TestBase.java:108)- Launched the chrome Browser
 INFO [main] (TestBase.java:108)- Launched the chrome Browser
 INFO [main] (TestBase.java:108)- Launched the chrome Browser
 INFO [main] (TestBase.java:108)- Launched the chrome Browser
 INFO [main] (TestBase.java:108)- Launched the chrome Browser
 INFO [main] (TestBase.java:108)- Launched the chrome Browser
 INFO [main] (TestBase.java:108)- Launched the chrome Browser
 INFO [main] (TestBase.java:108)- Launched the chrome Browser
 INFO [main] (TestBase.java:108)- Launched the chrome Browser
 INFO [main] (TestBase.java:108)- Launched the chrome Browser
 INFO [main] (TestBase.java:108)- Launched the chrome Browser
 INFO [main] (TestBase.java:108)- Launched the chrome Browser
 INFO [main] (TestBase.java:108)- Launched the ie Browser
 INFO [main] (TestBase.java:108)- Launched the chrome Browser
 INFO [main] (TestBase.java:108)- Launched the chrome Browser
 INFO [main] (TestBase.java:108)- Launched the chrome Browser
 INFO [main] (TestBase.java:108)- Launched the chrome Browser
 INFO [main] (TestBase.java:108)- Launched the chrome Browser
 INFO [main] (TestBase.java:108)- Launched the chrome Browser
 INFO [main] (TestBase.java:108)- Launched the chrome Browser
 INFO [main] (TestBase.java:108)- Launched the chrome Browser
 INFO [main] (TestBase.java:108)- Launched the chrome Browser
 INFO [main] (TestBase.java:108)- Launched the chrome Browser
 INFO [main] (TestBase.java:108)- Launched the firefox Browser
 INFO [main] (TestBase.java:108)- Launched the firefox Browser
 INFO [main] (TestBase.java:108)- Launched the firefox Browser
 INFO [main] (TestBase.java:108)- Launched the chrome Browser
 INFO [main] (TestBase.java:108)- Launched the chrome Browser
 INFO [main] (TestBase.java:108)- Launched the chrome Browser
 INFO [main] (TestBase.java:108)- Launched the chrome Browser
 INFO [main] (TestBase.java:108)- Launched the chrome Browser
 INFO [main] (TestBase.java:108)- Launched the chrome Browser
 INFO [main] (TestBase.java:108)- Launched the chrome Browser
 INFO [main] (TestBase.java:108)- Launched the chrome Browser
 INFO [main] (TestBase.java:108)- Launched the chrome Browser
 INFO [main] (TestBase.java:108)- Launched the chrome Browser
 INFO [main] (TestBase.java:108)- Launched the chrome Browser
 INFO [main] (TestBase.java:108)- Launched the chrome Browser
 INFO [main] (TestBase.java:108)- Launched the chrome Browser
 INFO [main] (TestBase.java:108)- Launched the chrome Browser
 INFO [main] (TestBase.java:108)- Launched the chrome Browser
 INFO [main] (TestBase.java:108)- Launched the chrome Browser
 INFO [main] (TestBase.java:108)- Launched the chrome Browser
 INFO [main] (TestBase.java:108)- Launched the chrome Browser
 INFO [main] (TestBase.java:108)- Launched the chrome Browser
 INFO [main] (TestBase.java:108)- Launched the chrome Browser
 INFO [main] (TestBase.java:108)- Launched the chrome Browser
 INFO [main] (TestBase.java:108)- Launched the chrome Browser
 INFO [main] (TestBase.java:108)- Launched the chrome Browser
 INFO [main] (TestBase.java:108)- Launched the chrome Browser
 INFO [main] (TestBase.java:108)- Launched the chrome Browser
 INFO [main] (TestBase.java:108)- Launched the chrome Browser
 INFO [main] (TestBase.java:108)- Launched the chrome Browser
 INFO [main] (TestBase.java:108)- Launched the chrome Browser
 INFO [main] (TestBase.java:108)- Launched the chrome Browser
 INFO [main] (TestBase.java:108)- Launched the chrome Browser
 INFO [main] (TestBase.java:108)- Launched the chrome Browser
 INFO [main] (TestBase.java:108)- Launched the chrome Browser
 INFO [main] (TestBase.java:108)- Launched the chrome Browser
 INFO [main] (TestBase.java:108)- Launched the chrome Browser
 INFO [main] (TestBase.java:108)- Launched the chrome Browser
 INFO [main] (TestBase.java:108)- Launched the chrome Browser
 INFO [main] (TestBase.java:108)- Launched the chrome Browser
 INFO [main] (TestBase.java:108)- Launched the chrome Browser
 INFO [main] (TestBase.java:108)- Launched the chrome Browser
 INFO [main] (TestBase.java:108)- Launched the chrome Browser
 INFO [main] (TestBase.java:108)- Launched the chrome Browser
 INFO [main] (TestBase.java:108)- Launched the chrome Browser
 INFO [main] (TestBase.java:108)- Launched the chrome Browser
 INFO [main] (TestBase.java:108)- Launched the chrome Browser
 INFO [main] (TestBase.java:108)- Launched the chrome Browser
 INFO [main] (TestBase.java:108)- Launched the chrome Browser
 INFO [main] (TestBase.java:108)- Launched the chrome Browser
 INFO [main] (TestBase.java:108)- Launched the chrome Browser
 INFO [main] (TestBase.java:108)- Launched the chrome Browser
 INFO [main] (TestBase.java:108)- Launched the chrome Browser
 INFO [TestNG] (TestBase.java:108)- Launched the chrome Browser
 INFO [TestNG] (TestBase.java:108)- Launched the chrome Browser
 INFO [TestNG] (TestBase.java:108)- Launched the chrome Browser
 INFO [TestNG] (TestBase.java:108)- Launched the chrome Browser
 INFO [main] (TestBase.java:108)- Launched the chrome Browser
 INFO [main] (TestBase.java:108)- Launched the chrome Browser
 INFO [main] (TestBase.java:108)- Launched the chrome Browser
 INFO [main] (TestBase.java:108)- Launched the chrome Browser
 INFO [main] (TestBase.java:108)- Launched the chrome Browser
 INFO [main] (TestBase.java:108)- Launched the chrome Browser
 INFO [main] (TestBase.java:108)- Launched the chrome Browser
 INFO [main] (TestBase.java:108)- Launched the chrome Browser
 INFO [main] (TestBase.java:108)- Launched the chrome Browser
 INFO [main] (TestBase.java:108)- Launched the chrome Browser
 INFO [main] (TestBase.java:108)- Launched the chrome Browser
 INFO [main] (TestBase.java:108)- Launched the chrome Browser
 INFO [main] (TestBase.java:108)- Launched the chrome Browser
 INFO [main] (TestBase.java:108)- Launched the chrome Browser
 INFO [main] (TestBase.java:108)- Launched the chrome Browser
 INFO [TestNG] (TestBase.java:108)- Launched the chrome Browser
 INFO [TestNG] (TestBase.java:108)- Launched the chrome Browser
 INFO [main] (TestBase.java:108)- Launched the chrome Browser
 INFO [main] (TestBase.java:108)- Launched the chrome Browser
 INFO [main] (TestBase.java:108)- Launched the chrome Browser
 INFO [main] (TestBase.java:108)- Launched the chrome Browser
 INFO [main] (TestBase.java:108)- Launched the chrome Browser
 INFO [main] (TestBase.java:108)- Launched the chrome Browser
 INFO [main] (TestBase.java:108)- Launched the chrome Browser
 INFO [main] (TestBase.java:108)- Launched the chrome Browser
 INFO [main] (TestBase.java:108)- Launched the chrome Browser
 INFO [main] (TestBase.java:108)- Launched the chrome Browser
 INFO [main] (TestBase.java:108)- Launched the chrome Browser
 INFO [main] (TestBase.java:108)- Launched the chrome Browser
 INFO [main] (TestBase.java:108)- Launched the chrome Browser
 INFO [main] (TestBase.java:108)- Launched the chrome Browser
 INFO [main] (TestBase.java:108)- Launched the chrome Browser
 INFO [main] (TestBase.java:108)- Launched the chrome Browser
 INFO [main] (TestBase.java:108)- Launched the chrome Browser
 INFO [main] (TestBase.java:108)- Launched the chrome Browser
 INFO [main] (TestBase.java:110)- Launched the chrome Browser
 INFO [TestNG] (TestBase.java:110)- Launched the chrome Browser
 INFO [TestNG] (TestBase.java:110)- Launched the chrome Browser
 INFO [TestNG] (TestBase.java:110)- Launched the chrome Browser
 INFO [TestNG] (TestBase.java:110)- Launched the chrome Browser
 INFO [main] (TestBase.java:110)- Launched the chrome Browser
 INFO [main] (TestBase.java:110)- Launched the chrome Browser
 INFO [main] (TestBase.java:110)- Launched the chrome Browser
 INFO [main] (TestBase.java:110)- Launched the chrome Browser
 INFO [main] (TestBase.java:110)- Launched the chrome Browser
 INFO [main] (TestBase.java:110)- Launched the chrome Browser
 INFO [main] (TestBase.java:110)- Launched the chrome Browser
 INFO [TestNG] (TestBase.java:110)- Launched the chrome Browser
 INFO [TestNG] (TestBase.java:110)- Launched the chrome Browser
 INFO [TestNG] (TestBase.java:110)- Launched the chrome Browser
 INFO [TestNG] (TestBase.java:110)- Launched the chrome Browser
 INFO [main] (TestBase.java:110)- Launched the chrome Browser
 INFO [main] (TestBase.java:110)- Launched the chrome Browser
 INFO [main] (TestBase.java:112)- Launched the chrome Browser
 INFO [TestNG] (TestBase.java:112)- Launched the chrome Browser
 INFO [TestNG] (TestBase.java:112)- Launched the chrome Browser
 INFO [main] (TestBase.java:112)- Launched the chrome Browser
 INFO [main] (TestBase.java:112)- Launched the chrome Browser
 INFO [main] (TestBase.java:112)- Launched the chrome Browser
 INFO [main] (TestBase.java:112)- Launched the chrome Browser
 INFO [main] (TestBase.java:112)- Launched the chrome Browser
 INFO [main] (TestBase.java:112)- Launched the chrome Browser
 INFO [main] (TestBase.java:112)- Launched the chrome Browser
 INFO [main] (TestBase.java:112)- Launched the chrome Browser
 INFO [main] (TestBase.java:112)- Launched the chrome Browser
 INFO [main] (TestBase.java:112)- Launched the chrome Browser
 INFO [main] (TestBase.java:112)- Launched the chrome Browser
 INFO [main] (TestBase.java:112)- Launched the chrome Browser
 INFO [main] (TestBase.java:112)- Launched the chrome Browser
 INFO [main] (TestBase.java:112)- Launched the chrome Browser
 INFO [main] (TestBase.java:112)- Launched the chrome Browser
 INFO [main] (TestBase.java:112)- Launched the chrome Browser
 INFO [main] (TestBase.java:112)- Launched the chrome Browser
 INFO [main] (TestBase.java:112)- Launched the edge Browser
 INFO [main] (TestBase.java:112)- Launched the edge Browser
 INFO [main] (TestBase.java:112)- Launched the edge Browser
 INFO [main] (TestBase.java:112)- Launched the edge Browser
 INFO [main] (TestBase.java:112)- Launched the chrome Browser
 INFO [main] (TestBase.java:112)- Launched the chrome Browser
 INFO [main] (TestBase.java:112)- Launched the chrome Browser
 INFO [main] (TestBase.java:112)- Launched the chrome Browser
 INFO [main] (TestBase.java:112)- Launched the chrome Browser
 INFO [main] (TestBase.java:112)- Launched the chrome Browser
 INFO [main] (TestBase.java:112)- Launched the chrome Browser
 INFO [main] (TestBase.java:112)- Launched the chrome Browser
 INFO [main] (TestBase.java:112)- Launched the chrome Browser
 INFO [main] (TestBase.java:112)- Launched the chrome Browser
 INFO [main] (TestBase.java:112)- Launched the chrome Browser
 INFO [main] (TestBase.java:112)- Launched the chrome Browser
 INFO [main] (TestBase.java:112)- Launched the chrome Browser
 INFO [main] (TestBase.java:112)- Launched the chrome Browser
 INFO [main] (TestBase.java:112)- Launched the chrome Browser
 INFO [main] (TestBase.java:112)- Launched the chrome Browser
 INFO [main] (TestBase.java:112)- Launched the chrome Browser
 INFO [main] (TestBase.java:112)- Launched the chrome Browser
 INFO [main] (TestBase.java:112)- Launched the chrome Browser
 INFO [main] (TestBase.java:112)- Launched the chrome Browser
 INFO [main] (TestBase.java:112)- Launched the chrome Browser
 INFO [main] (TestBase.java:112)- Launched the chrome Browser
 INFO [main] (TestBase.java:112)- Launched the chrome Browser
 INFO [main] (TestBase.java:112)- Launched the chrome Browser
 INFO [main] (TestBase.java:112)- Launched the chrome Browser
 INFO [main] (TestBase.java:112)- Launched the chrome Browser
 INFO [main] (TestBase.java:112)- Launched the chrome Browser
 INFO [main] (TestBase.java:112)- Launched the chrome Browser
 INFO [main] (TestBase.java:112)- Launched the chrome Browser
 INFO [main] (TestBase.java:112)- Launched the chrome Browser
 INFO [main] (TestBase.java:112)- Launched the chrome Browser
 INFO [main] (TestBase.java:112)- Launched the chrome Browser
 INFO [main] (TestBase.java:112)- Launched the chrome Browser
 INFO [main] (TestBase.java:112)- Launched the chrome Browser
 INFO [main] (TestBase.java:112)- Launched the chrome Browser
 INFO [main] (TestBase.java:112)- Launched the chrome Browser
 INFO [main] (TestBase.java:112)- Launched the chrome Browser
 INFO [main] (TestBase.java:112)- Launched the chrome Browser
 INFO [main] (TestBase.java:112)- Launched the chrome Browser
 INFO [main] (TestBase.java:112)- Launched the chrome Browser
 INFO [main] (TestBase.java:112)- Launched the edge Browser
 INFO [main] (TestBase.java:112)- Launched the chrome Browser
 INFO [main] (TestBase.java:112)- Launched the chrome Browser
 INFO [main] (TestBase.java:112)- Launched the chrome Browser
 INFO [main] (TestBase.java:112)- Launched the chrome Browser
 INFO [main] (TestBase.java:112)- Launched the chrome Browser
 INFO [main] (TestBase.java:112)- Launched the chrome Browser
 INFO [main] (TestBase.java:112)- Launched the chrome Browser
 INFO [main] (TestBase.java:112)- Launched the chrome Browser
 INFO [main] (TestBase.java:112)- Launched the chrome Browser
 INFO [TestNG] (TestBase.java:112)- Launched the chrome Browser
 INFO [TestNG] (TestBase.java:112)- Launched the chrome Browser
 INFO [main] (TestBase.java:112)- Launched the chrome Browser
 INFO [main] (TestBase.java:112)- Launched the chrome Browser
 INFO [main] (TestBase.java:112)- Launched the chrome Browser
 INFO [main] (TestBase.java:112)- Launched the chrome Browser
 INFO [main] (TestBase.java:112)- Launched the chrome Browser
